#
# There is insufficient memory for the Java Runtime Environment to continue.
# Native memory allocation (mmap) failed to map 260046848 bytes for G1 virtual space
# Possible reasons:
#   The system is out of physical RAM or swap space
#   The process is running with CompressedOops enabled, and the Java Heap may be blocking the growth of the native heap
# Possible solutions:
#   Reduce memory load on the system
#   Increase physical memory or swap space
#   Check if swap backing store is full
#   Decrease Java heap size (-Xmx/-Xms)
#   Decrease number of Java threads
#   Decrease Java thread stack sizes (-Xss)
#   Set larger code cache with -XX:ReservedCodeCacheSize=
#   JVM is running with Zero Based Compressed Oops mode in which the Java heap is
#     placed in the first 32GB address space. The Java Heap base address is the
#     maximum limit for the native heap growth. Please use -XX:HeapBaseMinAddress
#     to set the Java Heap base and to place the Java Heap above 32GB virtual address.
# This output file may be truncated or incomplete.
#
#  Out of Memory Error (os_windows.cpp:3550), pid=2484, tid=18608
#
# JRE version:  (17.0.7+8) (build )
# Java VM: Java HotSpot(TM) 64-Bit Server VM (17.0.7+8-LTS-224, mixed mode, sharing, tiered, compressed oops, compressed class ptrs, g1 gc, windows-amd64)
# No core dump will be written. Minidumps are not enabled by default on client versions of Windows
#

---------------  S U M M A R Y ------------

Command Line: -Dclassworlds.conf=C:\Users\arnol\.m2\wrapper\dists\apache-maven-3.9.12\59fe215c0ad6947fea90184bf7add084544567b927287592651fda3782e0e798\bin\m2.conf -Dmaven.home=C:\Users\arnol\.m2\wrapper\dists\apache-maven-3.9.12\59fe215c0ad6947fea90184bf7add084544567b927287592651fda3782e0e798 -Dlibrary.jansi.path=C:\Users\arnol\.m2\wrapper\dists\apache-maven-3.9.12\59fe215c0ad6947fea90184bf7add084544567b927287592651fda3782e0e798\lib\jansi-native -Dmaven.multiModuleProjectDirectory=D:\Coding\JAVA\Spring Boot\Saityno paslaugos\Pirmas_PD_PI24SN org.codehaus.plexus.classworlds.launcher.Launcher clean package -DskipTests

Host: AMD Ryzen 5 5600H with Radeon Graphics         , 12 cores, 15G,  Windows 11 , 64 bit Build 26100 (10.0.26100.7920)
Time: Thu Mar 12 21:38:36 2026 FLE Standard Time elapsed time: 0.009063 seconds (0d 0h 0m 0s)

---------------  T H R E A D  ---------------

Current thread (0x00000202fc283cd0):  JavaThread "Unknown thread" [_thread_in_vm, id=18608, stack(0x000000df1e800000,0x000000df1e900000)]

Stack: [0x000000df1e800000,0x000000df1e900000]
Native frames: (J=compiled Java code, j=interpreted, Vv=VM code, C=native code)
V  [jvm.dll+0x676a4a]
V  [jvm.dll+0x7d74f4]
V  [jvm.dll+0x7d8c9e]
V  [jvm.dll+0x7d9303]
V  [jvm.dll+0x2452c5]
V  [jvm.dll+0x6738f9]
V  [jvm.dll+0x668232]
V  [jvm.dll+0x302826]
V  [jvm.dll+0x309da6]
V  [jvm.dll+0x35952e]
V  [jvm.dll+0x35975f]
V  [jvm.dll+0x2d9a38]
V  [jvm.dll+0x2da9a4]
V  [jvm.dll+0x7a8fb1]
V  [jvm.dll+0x3670e1]
V  [jvm.dll+0x788359]
V  [jvm.dll+0x3ea5ef]
V  [jvm.dll+0x3ec071]
C  [jli.dll+0x5297]
C  [ucrtbase.dll+0x37b0]
C  [KERNEL32.DLL+0x2e8d7]
C  [ntdll.dll+0x8c48c]


---------------  P R O C E S S  ---------------

Threads class SMR info:
_java_thread_list=0x00007ffd62574998, length=0, elements={
}

Java Threads: ( => current thread )

Other Threads:
  0x00000202fc2f1c70 GCTaskThread "GC Thread#0" [stack: 0x000000df1e900000,0x000000df1ea00000] [id=31164]
  0x00000202fc302290 ConcurrentGCThread "G1 Main Marker" [stack: 0x000000df1ea00000,0x000000df1eb00000] [id=2872]
  0x00000202fc304d60 ConcurrentGCThread "G1 Conc#0" [stack: 0x000000df1eb00000,0x000000df1ec00000] [id=20328]

[error occurred during error reporting (printing all threads), id 0xc0000005, EXCEPTION_ACCESS_VIOLATION (0xc0000005) at pc=0x00007ffd61daa697]

VM state: not at safepoint (not fully initialized)

VM Mutex/Monitor currently owned by a thread:  ([mutex/lock_event])
[0x00000202fc2813e0] Heap_lock - owner thread: 0x00000202fc283cd0

Heap address: 0x0000000709800000, size: 3944 MB, Compressed Oops mode: Zero based, Oop shift amount: 3

CDS archive(s) mapped at: [0x0000000000000000-0x0000000000000000-0x0000000000000000), size 0, SharedBaseAddress: 0x0000000800000000, ArchiveRelocationMode: 0.
Narrow klass base: 0x0000000000000000, Narrow klass shift: 0, Narrow klass range: 0x0

GC Precious Log:
<Empty>

Heap:
 garbage-first heap   total 0K, used 0K [0x0000000709800000, 0x0000000800000000)
  region size 2048K, 0 young (0K), 0 survivors (0K)

[error occurred during error reporting (printing heap information), id 0xc0000005, EXCEPTION_ACCESS_VIOLATION (0xc0000005) at pc=0x00007ffd621900b9]

GC Heap History (0 events):
No events

Deoptimization events (0 events):
No events

Classes unloaded (0 events):
No events

Classes redefined (0 events):
No events

Internal exceptions (0 events):
No events

VM Operations (0 events):
No events

Events (1 events):
Event: 0.005 Loaded shared library C:\Program Files\Java\jdk-17\bin\java.dll


Dynamic libraries:
0x00007ff7c7cf0000 - 0x00007ff7c7d00000 	C:\Program Files\Java\jdk-17\bin\java.exe
0x00007ffe8f0e0000 - 0x00007ffe8f347000 	C:\WINDOWS\SYSTEM32\ntdll.dll
0x00007ffe8e070000 - 0x00007ffe8e139000 	C:\WINDOWS\System32\KERNEL32.DLL
0x00007ffe8baa0000 - 0x00007ffe8be91000 	C:\WINDOWS\System32\KERNELBASE.dll
0x00007ffe8cd30000 - 0x00007ffe8ce7b000 	C:\WINDOWS\System32\ucrtbase.dll
0x00007ffe5ae30000 - 0x00007ffe5ae49000 	C:\Program Files\Java\jdk-17\bin\jli.dll
0x00007ffe565d0000 - 0x00007ffe565eb000 	C:\Program Files\Java\jdk-17\bin\VCRUNTIME140.dll
0x00007ffe8e540000 - 0x00007ffe8e5fb000 	C:\WINDOWS\System32\ADVAPI32.dll
0x00007ffe8ec80000 - 0x00007ffe8ed29000 	C:\WINDOWS\System32\msvcrt.dll
0x00007ffe8ce80000 - 0x00007ffe8cf27000 	C:\WINDOWS\System32\sechost.dll
0x00007ffe8dcb0000 - 0x00007ffe8ddc8000 	C:\WINDOWS\System32\RPCRT4.dll
0x00007ffe8e370000 - 0x00007ffe8e535000 	C:\WINDOWS\System32\USER32.dll
0x00007ffe8ba70000 - 0x00007ffe8ba97000 	C:\WINDOWS\System32\win32u.dll
0x00007ffe77ef0000 - 0x00007ffe78183000 	C:\WINDOWS\WinSxS\amd64_microsoft.windows.common-controls_6595b64144ccf1df_6.0.26100.7922_none_3e089e1ee3342171\COMCTL32.dll
0x00007ffe8e140000 - 0x00007ffe8e16b000 	C:\WINDOWS\System32\GDI32.dll
0x00007ffe8c010000 - 0x00007ffe8c13a000 	C:\WINDOWS\System32\gdi32full.dll
0x00007ffe8b9c0000 - 0x00007ffe8ba63000 	C:\WINDOWS\System32\msvcp_win.dll
0x00007ffe82160000 - 0x00007ffe8216b000 	C:\WINDOWS\SYSTEM32\VERSION.dll
0x00007ffe8ddf0000 - 0x00007ffe8de21000 	C:\WINDOWS\System32\IMM32.DLL
0x00007ffe5c380000 - 0x00007ffe5c38c000 	C:\Program Files\Java\jdk-17\bin\vcruntime140_1.dll
0x00007ffe3dc90000 - 0x00007ffe3dd1e000 	C:\Program Files\Java\jdk-17\bin\msvcp140.dll
0x00007ffd61ac0000 - 0x00007ffd6269d000 	C:\Program Files\Java\jdk-17\bin\server\jvm.dll
0x00007ffe8e760000 - 0x00007ffe8e768000 	C:\WINDOWS\System32\PSAPI.DLL
0x00007ffe70c80000 - 0x00007ffe70c8a000 	C:\WINDOWS\SYSTEM32\WSOCK32.dll
0x00007ffe82120000 - 0x00007ffe82155000 	C:\WINDOWS\SYSTEM32\WINMM.dll
0x00007ffe8ec00000 - 0x00007ffe8ec74000 	C:\WINDOWS\System32\WS2_32.dll
0x00007ffe8a720000 - 0x00007ffe8a73b000 	C:\WINDOWS\SYSTEM32\kernel.appcore.dll
0x00007ffe53eb0000 - 0x00007ffe53eba000 	C:\Program Files\Java\jdk-17\bin\jimage.dll
0x00007ffe89a40000 - 0x00007ffe89c82000 	C:\WINDOWS\SYSTEM32\DBGHELP.DLL
0x00007ffe8d820000 - 0x00007ffe8dba2000 	C:\WINDOWS\System32\combase.dll
0x00007ffe8d730000 - 0x00007ffe8d807000 	C:\WINDOWS\System32\OLEAUT32.dll
0x00007ffe77eb0000 - 0x00007ffe77eeb000 	C:\WINDOWS\SYSTEM32\dbgcore.DLL
0x00007ffe8cc80000 - 0x00007ffe8cd25000 	C:\WINDOWS\System32\bcryptPrimitives.dll
0x00007ffe406e0000 - 0x00007ffe40705000 	C:\Program Files\Java\jdk-17\bin\java.dll

dbghelp: loaded successfully - version: 4.0.5 - missing functions: none
symbol engine: initialized successfully - sym options: 0x614 - pdb path: .;C:\Program Files\Java\jdk-17\bin;C:\WINDOWS\SYSTEM32;C:\WINDOWS\WinSxS\amd64_microsoft.windows.common-controls_6595b64144ccf1df_6.0.26100.7922_none_3e089e1ee3342171;C:\Program Files\Java\jdk-17\bin\server

VM Arguments:
jvm_args: -Dclassworlds.conf=C:\Users\arnol\.m2\wrapper\dists\apache-maven-3.9.12\59fe215c0ad6947fea90184bf7add084544567b927287592651fda3782e0e798\bin\m2.conf -Dmaven.home=C:\Users\arnol\.m2\wrapper\dists\apache-maven-3.9.12\59fe215c0ad6947fea90184bf7add084544567b927287592651fda3782e0e798 -Dlibrary.jansi.path=C:\Users\arnol\.m2\wrapper\dists\apache-maven-3.9.12\59fe215c0ad6947fea90184bf7add084544567b927287592651fda3782e0e798\lib\jansi-native -Dmaven.multiModuleProjectDirectory=D:\Coding\JAVA\Spring Boot\Saityno paslaugos\Pirmas_PD_PI24SN 
java_command: org.codehaus.plexus.classworlds.launcher.Launcher clean package -DskipTests
java_class_path (initial): C:\Users\arnol\.m2\wrapper\dists\apache-maven-3.9.12\59fe215c0ad6947fea90184bf7add084544567b927287592651fda3782e0e798\boot\plexus-classworlds-2.9.0.jar
Launcher Type: SUN_STANDARD

[Global flags]
     intx CICompilerCount                          = 4                                         {product} {ergonomic}
     uint ConcGCThreads                            = 3                                         {product} {ergonomic}
     uint G1ConcRefinementThreads                  = 10                                        {product} {ergonomic}
   size_t G1HeapRegionSize                         = 2097152                                   {product} {ergonomic}
    uintx GCDrainStackTargetSize                   = 64                                        {product} {ergonomic}
   size_t InitialHeapSize                          = 260046848                                 {product} {ergonomic}
   size_t MarkStackSize                            = 4194304                                   {product} {ergonomic}
   size_t MaxHeapSize                              = 4135583744                                {product} {ergonomic}
   size_t MinHeapDeltaBytes                        = 2097152                                   {product} {ergonomic}
   size_t MinHeapSize                              = 8388608                                   {product} {ergonomic}
    uintx NonNMethodCodeHeapSize                   = 5839372                                {pd product} {ergonomic}
    uintx NonProfiledCodeHeapSize                  = 122909434                              {pd product} {ergonomic}
    uintx ProfiledCodeHeapSize                     = 122909434                              {pd product} {ergonomic}
    uintx ReservedCodeCacheSize                    = 251658240                              {pd product} {ergonomic}
     bool SegmentedCodeCache                       = true                                      {product} {ergonomic}
   size_t SoftMaxHeapSize                          = 4135583744                             {manageable} {ergonomic}
     bool UseCompressedClassPointers               = true                           {product lp64_product} {ergonomic}
     bool UseCompressedOops                        = true                           {product lp64_product} {ergonomic}
     bool UseG1GC                                  = true                                      {product} {ergonomic}
     bool UseLargePagesIndividualAllocation        = false                                  {pd product} {ergonomic}

Logging:
Log output configuration:
 #0: stdout all=warning uptime,level,tags
 #1: stderr all=off uptime,level,tags

Environment Variables:
JAVA_HOME=C:\Program Files\Java\jdk-17
PATH=C:\Program Files\Common Files\Oracle\Java\javapath;C:\Program Files\Microsoft\jdk-11.0.16.101-hotspot\bin;C:\WINDOWS\system32;C:\WINDOWS;C:\WINDOWS\System32\Wbem;C:\WINDOWS\System32\WindowsPowerShell\v1.0\;C:\WINDOWS\System32\OpenSSH\;C:\Program Files\Microsoft SQL Server\150\Tools\Binn\;C:\Program Files\Git\cmd;C:\Program Files\dotnet\;C:\Program Files (x86)\Windows Kits\10\Windows Performance Toolkit\;C:\Program Files\Microsoft SQL Server\Client SDK\ODBC\170\Tools\Binn\;C:\Program Files\nodejs\;C:\Program Files\Microsoft SQL Server\170\Tools\Binn\;C:\ProgramData\chocolatey\bin;C:\Program Files\FLIR Systems\Spinnaker\bin64\vs2015;C:\Program Files\FLIR Systems\Spinnaker\bin\vs2015;C:\Program Files\HDF_Group\HDF5\2.0.0\bin\;C:\Program Files (x86)\IVI Foundation\IVI\bin;C:\Program Files\IVI Foundation\IVI\bin;C:\Program Files (x86)\IVI Foundation\VISA\WinNT\Bin\;C:\Program Files\IVI Foundation\VISA\Win64\Bin\;C:\Program Files (x86)\IVI Foundation\VISA\WinNT\Bin;C:\Program Files\Docker\Docker\resources\bin;C:\Program Files\MySQL\MySQL Shell 8.0\bin\;C:\Users\arnol\AppData\Local\Microsoft\WindowsApps;C:\Users\arnol\.dotnet\tools;C:\Users\arnol\AppData\Local\Programs\Microsoft VS Code\bin;C:\Users\arnol\AppData\Local\JetBrains\Toolbox\scripts;C:\Program Files\Java\jdk-17\bin;C:\Users\arnol\AppData\Local\Microsoft\WindowsApps;D:\IntelliJ_Tools\flutter\bin;C:\Users\arnol\AppData\Roaming\npm;C:\Users\arnol\.dotnet\tools;C:\tools\Anaconda3;C:\tools\Anaconda3\Scripts;C:\tools\Anaconda3\Library\bin;C:\Users\arnol\.conda\envs\experiments_3.8\Library\bin;
USERNAME=arnol
OS=Windows_NT
PROCESSOR_IDENTIFIER=AMD64 Family 25 Model 80 Stepping 0, AuthenticAMD



---------------  S Y S T E M  ---------------

OS:
 Windows 11 , 64 bit Build 26100 (10.0.26100.7920)
OS uptime: 15 days 11:46 hours
Hyper-V role detected

CPU: total 12 (initial active 12) (12 cores per cpu, 2 threads per core) family 25 model 80 stepping 0 microcode 0xa50000d, cx8, cmov, fxsr, ht, mmx, 3dnowpref, sse, sse2, sse3, ssse3, sse4a, sse4.1, sse4.2, popcnt, lzcnt, tsc, tscinvbit, avx, avx2, aes, erms, clmul, bmi1, bmi2, adx, sha, fma, vzeroupper, clflush, clflushopt, hv

Memory: 4k page, system-wide physical 15770M (1993M free)
TotalPageFile size 28444M (AvailPageFile size 164M)
current process WorkingSet (physical memory assigned to process): 12M, peak: 12M
current process commit charge ("private bytes"): 64M, peak: 312M

vm_info: Java HotSpot(TM) 64-Bit Server VM (17.0.7+8-LTS-224) for windows-amd64 JRE (17.0.7+8-LTS-224), built on Feb 28 2023 23:03:02 by "mach5one" with MS VC++ 17.1 (VS2022)

END.
